# JRE version: OpenJDK Runtime Environment (17.0.7) (build 17.0.7+0-b2043.56-10550314)
# Java VM: OpenJDK 64-Bit Server VM (17.0.7+0-b2043.56-10550314, mixed mode, tiered, compressed oops, compressed class ptrs, g1 gc, windows-amd64)
GC Precious Log:
 CPUs: 4 total, 4 available
 Memory: 8095M
 Large Page Support: Disabled
 NUMA Support: Disabled
 Compressed Oops: Enabled (32-bit)
 Heap Region Size: 1M
 Heap Min Capacity: 8M
 Heap Initial Capacity: 128M
 Heap Max Capacity: 2G
 Pre-touch: Disabled
 Parallel Workers: 4
 Concurrent Workers: 1
 Concurrent Refinement Workers: 4
 Periodic GC: Disabled
Heap:
 garbage-first heap   total 495616K, used 335181K [0x0000000080000000, 0x0000000100000000)
  region size 1024K, 4 young (4096K), 2 survivors (2048K)
 Metaspace       used 137751K, committed 138624K, reserved 1179648K
  class space    used 18661K, committed 19072K, reserved 1048576K
GC Heap History (20 events):
Event: 174.306 GC heap before
{Heap before GC invocations=80 (full 0):
 garbage-first heap   total 386048K, used 322888K [0x0000000080000000, 0x0000000100000000)
  region size 1024K, 48 young (49152K), 4 survivors (4096K)
 Metaspace       used 121463K, committed 122304K, reserved 1179648K
  class space    used 16707K, committed 17152K, reserved 1048576K
}
Event: 174.345 GC heap after
{Heap after GC invocations=81 (full 0):
 garbage-first heap   total 386048K, used 282986K [0x0000000080000000, 0x0000000100000000)
  region size 1024K, 6 young (6144K), 6 survivors (6144K)
 Metaspace       used 121463K, committed 122304K, reserved 1179648K
  class space    used 16707K, committed 17152K, reserved 1048576K
}
Event: 175.556 GC heap before
{Heap before GC invocations=81 (full 0):
 garbage-first heap   total 386048K, used 332138K [0x0000000080000000, 0x0000000100000000)
  region size 1024K, 46 young (47104K), 6 survivors (6144K)
 Metaspace       used 124452K, committed 125248K, reserved 1179648K
  class space    used 17119K, committed 17536K, reserved 1048576K
}
Event: 175.576 GC heap after
{Heap after GC invocations=82 (full 0):
 garbage-first heap   total 386048K, used 293984K [0x0000000080000000, 0x0000000100000000)
  region size 1024K, 3 young (3072K), 3 survivors (3072K)
 Metaspace       used 124452K, committed 125248K, reserved 1179648K
  class space    used 17119K, committed 17536K, reserved 1048576K
}
Event: 176.158 GC heap before
{Heap before GC invocations=82 (full 0):
 garbage-first heap   total 386048K, used 328800K [0x0000000080000000, 0x0000000100000000)
  region size 1024K, 38 young (38912K), 3 survivors (3072K)
 Metaspace       used 126431K, committed 127232K, reserved 1179648K
  class space    used 17359K, committed 17728K, reserved 1048576K
}
Event: 176.175 GC heap after
{Heap after GC invocations=83 (full 0):
 garbage-first heap   total 386048K, used 299115K [0x0000000080000000, 0x0000000100000000)
  region size 1024K, 5 young (5120K), 5 survivors (5120K)
 Metaspace       used 126431K, committed 127232K, reserved 1179648K
  class space    used 17359K, committed 17728K, reserved 1048576K
}
Event: 177.280 GC heap before
{Heap before GC invocations=83 (full 0):
 garbage-first heap   total 386048K, used 334955K [0x0000000080000000, 0x0000000100000000)
  region size 1024K, 36 young (36864K), 5 survivors (5120K)
 Metaspace       used 127290K, committed 128128K, reserved 1179648K
  class space    used 17413K, committed 17792K, reserved 1048576K
}
Event: 177.301 GC heap after
{Heap after GC invocations=84 (full 0):
 garbage-first heap   total 386048K, used 308801K [0x0000000080000000, 0x0000000100000000)
  region size 1024K, 5 young (5120K), 5 survivors (5120K)
 Metaspace       used 127290K, committed 128128K, reserved 1179648K
  class space    used 17413K, committed 17792K, reserved 1048576K
}
Event: 178.469 GC heap before
{Heap before GC invocations=85 (full 0):
 garbage-first heap   total 495616K, used 328257K [0x0000000080000000, 0x0000000100000000)
  region size 1024K, 29 young (29696K), 5 survivors (5120K)
 Metaspace       used 127501K, committed 128320K, reserved 1179648K
  class space    used 17445K, committed 17856K, reserved 1048576K
}
Event: 178.482 GC heap after
{Heap after GC invocations=86 (full 0):
 garbage-first heap   total 495616K, used 302341K [0x0000000080000000, 0x0000000100000000)
  region size 1024K, 4 young (4096K), 4 survivors (4096K)
 Metaspace       used 127501K, committed 128320K, reserved 1179648K
  class space    used 17445K, committed 17856K, reserved 1048576K
}
Event: 178.641 GC heap before
{Heap before GC invocations=86 (full 0):
 garbage-first heap   total 495616K, used 322821K [0x0000000080000000, 0x0000000100000000)
  region size 1024K, 24 young (24576K), 4 survivors (4096K)
 Metaspace       used 127523K, committed 128320K, reserved 1179648K
  class space    used 17450K, committed 17856K, reserved 1048576K
}
Event: 178.670 GC heap after
{Heap after GC invocations=87 (full 0):
 garbage-first heap   total 495616K, used 304061K [0x0000000080000000, 0x0000000100000000)
  region size 1024K, 3 young (3072K), 3 survivors (3072K)
 Metaspace       used 127523K, committed 128320K, reserved 1179648K
  class space    used 17450K, committed 17856K, reserved 1048576K
}
Event: 180.679 GC heap before
{Heap before GC invocations=87 (full 0):
 garbage-first heap   total 495616K, used 411581K [0x0000000080000000, 0x0000000100000000)
  region size 1024K, 98 young (100352K), 3 survivors (3072K)
 Metaspace       used 129209K, committed 130048K, reserved 1179648K
  class space    used 17668K, committed 18048K, reserved 1048576K
}
Event: 180.712 GC heap after
{Heap after GC invocations=88 (full 0):
 garbage-first heap   total 495616K, used 324878K [0x0000000080000000, 0x0000000100000000)
  region size 1024K, 13 young (13312K), 13 survivors (13312K)
 Metaspace       used 129209K, committed 130048K, reserved 1179648K
  class space    used 17668K, committed 18048K, reserved 1048576K
}
Event: 195.314 GC heap before
{Heap before GC invocations=88 (full 0):
 garbage-first heap   total 495616K, used 428302K [0x0000000080000000, 0x0000000100000000)
  region size 1024K, 93 young (95232K), 13 survivors (13312K)
 Metaspace       used 132307K, committed 133120K, reserved 1179648K
  class space    used 18057K, committed 18432K, reserved 1048576K
}
Event: 195.354 GC heap after
{Heap after GC invocations=89 (full 0):
 garbage-first heap   total 495616K, used 322034K [0x0000000080000000, 0x0000000100000000)
  region size 1024K, 8 young (8192K), 8 survivors (8192K)
 Metaspace       used 132307K, committed 133120K, reserved 1179648K
  class space    used 18057K, committed 18432K, reserved 1048576K
}
Event: 224.113 GC heap before
{Heap before GC invocations=89 (full 0):
 garbage-first heap   total 495616K, used 407026K [0x0000000080000000, 0x0000000100000000)
  region size 1024K, 92 young (94208K), 8 survivors (8192K)
 Metaspace       used 136654K, committed 137472K, reserved 1179648K
  class space    used 18555K, committed 18944K, reserved 1048576K
}
Event: 224.144 GC heap after
{Heap after GC invocations=90 (full 0):
 garbage-first heap   total 495616K, used 331147K [0x0000000080000000, 0x0000000100000000)
  region size 1024K, 10 young (10240K), 10 survivors (10240K)
 Metaspace       used 136654K, committed 137472K, reserved 1179648K
  class space    used 18555K, committed 18944K, reserved 1048576K
}
Event: 227.757 GC heap before
{Heap before GC invocations=90 (full 0):
 garbage-first heap   total 495616K, used 414091K [0x0000000080000000, 0x0000000100000000)
  region size 1024K, 91 young (93184K), 10 survivors (10240K)
 Metaspace       used 137120K, committed 138048K, reserved 1179648K
  class space    used 18572K, committed 19008K, reserved 1048576K
}
Event: 227.783 GC heap after
{Heap after GC invocations=91 (full 0):
 garbage-first heap   total 495616K, used 336644K [0x0000000080000000, 0x0000000100000000)
  region size 1024K, 8 young (8192K), 8 survivors (8192K)
 Metaspace       used 137120K, committed 138048K, reserved 1179648K
  class space    used 18572K, committed 19008K, reserved 1048576K
}

